<?xml version="1.0" encoding="UTF-8"?>
<testsuite xmlns:xsi="http://www.w3.org/2001/XMLSchema-instance" xsi:noNamespaceSchemaLocation="https://maven.apache.org/surefire/maven-surefire-plugin/xsd/surefire-test-report-3.0.xsd" version="3.0" name="org.example.ShippingCostTest" time="0.052" tests="5" errors="0" skipped="0" failures="0">
  <properties>
[...]
</properties>
  <testcase name="testMediumWeightMediumDist" classname="org.example.ShippingCostTest" time="0.031">
    <system-out><![CDATA[Test: Medium weight (15.0 kg) and medium distance (100.0 km)
Expected: $30.00, Actual: $30.00
]]></system-out>
  </testcase>
  <testcase name="testHighWeightLongDist" classname="org.example.ShippingCostTest" time="0.001">
    <system-out><![CDATA[Test: High weight (25.0 kg) and long distance (250.0 km)
Expected: $60.00, Actual: $60.00
]]></system-out>
  </testcase>
  <testcase name="testBoundaryWeightLow" classname="org.example.ShippingCostTest" time="0.001">
    <system-out><![CDATA[Test: Boundary weight (5.0 kg) and short distance (30.0 km)
Expected: $10.00, Actual: $10.00
]]></system-out>
  </testcase>
  <testcase name="testLowWeightShortDist" classname="org.example.ShippingCostTest" time="0.001">
    <system-out><![CDATA[Test: Low weight (3.0 kg) and short distance (30.0 km)
Expected: $10.00, Actual: $10.00
]]></system-out>
  </testcase>
  <testcase name="testBoundaryDistanceHigh" classname="org.example.ShippingCostTest" time="0.001">
    <system-out><![CDATA[Test: High weight (20.0 kg) and boundary distance (200.0 km)
Expected: $30.00, Actual: $30.00
]]></system-out>
  </testcase>
</testsuite>